#
# There is insufficient memory for the Java Runtime Environment to continue.
# Native memory allocation (mmap) failed to map 3145728 bytes for G1 virtual space
# Possible reasons:
#   The system is out of physical RAM or swap space
#   The process is running with CompressedOops enabled, and the Java Heap may be blocking the growth of the native heap
# Possible solutions:
#   Reduce memory load on the system
#   Increase physical memory or swap space
#   Check if swap backing store is full
#   Decrease Java heap size (-Xmx/-Xms)
#   Decrease number of Java threads
#   Decrease Java thread stack sizes (-Xss)
#   Set larger code cache with -XX:ReservedCodeCacheSize=
#   JVM is running with Zero Based Compressed Oops mode in which the Java heap is
#     placed in the first 32GB address space. The Java Heap base address is the
#     maximum limit for the native heap growth. Please use -XX:HeapBaseMinAddress
#     to set the Java Heap base and to place the Java Heap above 32GB virtual address.
# This output file may be truncated or incomplete.
#
#  Out of Memory Error (os_windows.cpp:3825), pid=11504, tid=16592
#
# JRE version:  (17.0.9) (build )
# Java VM: OpenJDK 64-Bit Server VM (17.0.9+0--11185874, mixed mode, sharing, tiered, compressed oops, compressed class ptrs, g1 gc, windows-amd64)
# No core dump will be written. Minidumps are not enabled by default on client versions of Windows
#

---------------  S U M M A R Y ------------

Command Line: git4idea.http.GitAskPassApp Username for 'https://github.com': 

Host: Intel(R) Core(TM) i5-8250U CPU @ 1.60GHz, 8 cores, 11G,  Windows 10 , 64 bit Build 19041 (10.0.19041.3636)
Time: Fri Mar 22 16:24:11 2024 Taipei Standard Time elapsed time: 0.033771 seconds (0d 0h 0m 0s)

---------------  T H R E A D  ---------------

Current thread (0x000002250977c670):  JavaThread "Unknown thread" [_thread_in_vm, id=16592, stack(0x000000d8cca00000,0x000000d8ccb00000)]

Stack: [0x000000d8cca00000,0x000000d8ccb00000]
Native frames: (J=compiled Java code, j=interpreted, Vv=VM code, C=native code)
V  [jvm.dll+0x6886e9]
V  [jvm.dll+0x841e4a]
V  [jvm.dll+0x843a8e]
V  [jvm.dll+0x8440f3]
V  [jvm.dll+0x24c14f]
V  [jvm.dll+0x685499]
V  [jvm.dll+0x679c2a]
V  [jvm.dll+0x30cf9b]
V  [jvm.dll+0x314446]
V  [jvm.dll+0x364288]
V  [jvm.dll+0x36448f]
V  [jvm.dll+0x2e2d68]
V  [jvm.dll+0x2e3cd4]
V  [jvm.dll+0x8129f1]
V  [jvm.dll+0x3720c1]
V  [jvm.dll+0x7f152c]
V  [jvm.dll+0x3f5d4f]
V  [jvm.dll+0x3f7981]
C  [jli.dll+0x528f]
C  [ucrtbase.dll+0x21bb2]
C  [KERNEL32.DLL+0x17344]
C  [ntdll.dll+0x526b1]


---------------  P R O C E S S  ---------------

Threads class SMR info:
_java_thread_list=0x00007ffa44c1ef18, length=0, elements={
}

Java Threads: ( => current thread )

Other Threads:
  0x00000225097d2860 GCTaskThread "GC Thread#0" [stack: 0x000000d8ccb00000,0x000000d8ccc00000] [id=9144]
  0x00000225097e0a20 ConcurrentGCThread "G1 Main Marker" [stack: 0x000000d8ccc00000,0x000000d8ccd00000] [id=15836]
  0x00000225097e1be0 ConcurrentGCThread "G1 Conc#0" [stack: 0x000000d8ccd00000,0x000000d8cce00000] [id=692]

[error occurred during error reporting (printing all threads), id 0xc0000005, EXCEPTION_ACCESS_VIOLATION (0xc0000005) at pc=0x00007ffa443d3937]

VM state: not at safepoint (not fully initialized)

VM Mutex/Monitor currently owned by a thread:  ([mutex/lock_event])
[0x00000225097783e0] Heap_lock - owner thread: 0x000002250977c670

Heap address: 0x0000000741600000, size: 3050 MB, Compressed Oops mode: Zero based, Oop shift amount: 3

CDS archive(s) mapped at: [0x0000000000000000-0x0000000000000000-0x0000000000000000), size 0, SharedBaseAddress: 0x0000000800000000, ArchiveRelocationMode: 1.
Narrow klass base: 0x0000000000000000, Narrow klass shift: 0, Narrow klass range: 0x0

GC Precious Log:
<Empty>

Heap:
 garbage-first heap   total 0K, used 0K [0x0000000741600000, 0x0000000800000000)
  region size 2048K, 0 young (0K), 0 survivors (0K)
 Metaspace       used 0K, committed 0K, reserved 0K
  class space    used 0K, committed 0K, reserved 0K

Heap Regions: E=young(eden), S=young(survivor), O=old, HS=humongous(starts), HC=humongous(continues), CS=collection set, F=free, OA=open archive, CA=closed archive, TAMS=top-at-mark-start (previous, next)

Card table byte_map: [0x000002251c580000,0x000002251cb80000] _byte_map_base: 0x0000022518b75000

Marking Bits (Prev, Next): (CMBitMap*) 0x00000225097d2e80, (CMBitMap*) 0x00000225097d2ec0
 Prev Bits: [0x000002251d180000, 0x0000022520128000)
 Next Bits: [0x0000022520130000, 0x00000225230d8000)

GC Heap History (0 events):
No events

Dll operation events (1 events):
Event: 0.019 Loaded shared library C:\Program Files\Android\Android Studio1\jbr\bin\java.dll

Deoptimization events (0 events):
No events

Classes unloaded (0 events):
No events

Classes redefined (0 events):
No events

Internal exceptions (0 events):
No events

VM Operations (0 events):
No events

Events (0 events):
No events


Dynamic libraries:
0x00007ff74c5c0000 - 0x00007ff74c5ca000 	C:\Program Files\Android\Android Studio1\jbr\bin\java.exe
0x00007ffa891f0000 - 0x00007ffa893e8000 	C:\WINDOWS\SYSTEM32\ntdll.dll
0x00007ffa88210000 - 0x00007ffa882cd000 	C:\WINDOWS\System32\KERNEL32.DLL
0x00007ffa86eb0000 - 0x00007ffa871a6000 	C:\WINDOWS\System32\KERNELBASE.dll
0x00000000744c0000 - 0x0000000074566000 	C:\WINDOWS\System32\SYSFER.DLL
0x00007ffa86be0000 - 0x00007ffa86ce0000 	C:\WINDOWS\System32\ucrtbase.dll
0x00007ffa82c90000 - 0x00007ffa82cab000 	C:\Program Files\Android\Android Studio1\jbr\bin\VCRUNTIME140.dll
0x00007ffa33680000 - 0x00007ffa33697000 	C:\Program Files\Android\Android Studio1\jbr\bin\jli.dll
0x00007ffa88540000 - 0x00007ffa886de000 	C:\WINDOWS\System32\USER32.dll
0x00007ffa868a0000 - 0x00007ffa868c2000 	C:\WINDOWS\System32\win32u.dll
0x00007ffa737a0000 - 0x00007ffa73a3a000 	C:\WINDOWS\WinSxS\amd64_microsoft.windows.common-controls_6595b64144ccf1df_6.0.19041.3636_none_60b6a03d71f818d5\COMCTL32.dll
0x00007ffa880d0000 - 0x00007ffa880fb000 	C:\WINDOWS\System32\GDI32.dll
0x00007ffa88400000 - 0x00007ffa8849e000 	C:\WINDOWS\System32\msvcrt.dll
0x00007ffa86ce0000 - 0x00007ffa86df7000 	C:\WINDOWS\System32\gdi32full.dll
0x00007ffa86af0000 - 0x00007ffa86b8d000 	C:\WINDOWS\System32\msvcp_win.dll
0x00007ffa88fe0000 - 0x00007ffa89012000 	C:\WINDOWS\System32\IMM32.DLL
0x00007ffa85130000 - 0x00007ffa8513c000 	C:\Program Files\Android\Android Studio1\jbr\bin\vcruntime140_1.dll
0x00007ffa533c0000 - 0x00007ffa5344d000 	C:\Program Files\Android\Android Studio1\jbr\bin\msvcp140.dll
0x00007ffa440e0000 - 0x00007ffa44d63000 	C:\Program Files\Android\Android Studio1\jbr\bin\server\jvm.dll
0x00007ffa88350000 - 0x00007ffa88400000 	C:\WINDOWS\System32\ADVAPI32.dll
0x00007ffa87730000 - 0x00007ffa877d0000 	C:\WINDOWS\System32\sechost.dll
0x00007ffa87e90000 - 0x00007ffa87fb5000 	C:\WINDOWS\System32\RPCRT4.dll
0x00007ffa86960000 - 0x00007ffa86987000 	C:\WINDOWS\System32\bcrypt.dll
0x00007ffa85e40000 - 0x00007ffa85e8b000 	C:\WINDOWS\SYSTEM32\POWRPROF.dll
0x00007ffa67f90000 - 0x00007ffa67f99000 	C:\WINDOWS\SYSTEM32\WSOCK32.dll
0x00007ffa886e0000 - 0x00007ffa8874b000 	C:\WINDOWS\System32\WS2_32.dll
0x00007ffa68720000 - 0x00007ffa68747000 	C:\WINDOWS\SYSTEM32\WINMM.dll
0x00007ffa84f20000 - 0x00007ffa84f2a000 	C:\WINDOWS\SYSTEM32\VERSION.dll
0x00007ffa85cb0000 - 0x00007ffa85cc2000 	C:\WINDOWS\SYSTEM32\UMPDC.dll
0x00007ffa85280000 - 0x00007ffa85292000 	C:\WINDOWS\SYSTEM32\kernel.appcore.dll
0x00007ffa5c790000 - 0x00007ffa5c79a000 	C:\Program Files\Android\Android Studio1\jbr\bin\jimage.dll
0x00007ffa711a0000 - 0x00007ffa71384000 	C:\WINDOWS\SYSTEM32\DBGHELP.DLL
0x00007ffa6b8d0000 - 0x00007ffa6b904000 	C:\WINDOWS\SYSTEM32\dbgcore.DLL
0x00007ffa868d0000 - 0x00007ffa86952000 	C:\WINDOWS\System32\bcryptPrimitives.dll
0x00007ffa43d80000 - 0x00007ffa43da5000 	C:\Program Files\Android\Android Studio1\jbr\bin\java.dll

dbghelp: loaded successfully - version: 4.0.5 - missing functions: none
symbol engine: initialized successfully - sym options: 0x614 - pdb path: .;C:\Program Files\Android\Android Studio1\jbr\bin;C:\WINDOWS\SYSTEM32;C:\WINDOWS\WinSxS\amd64_microsoft.windows.common-controls_6595b64144ccf1df_6.0.19041.3636_none_60b6a03d71f818d5;C:\Program Files\Android\Android Studio1\jbr\bin\server

VM Arguments:
java_command: git4idea.http.GitAskPassApp Username for 'https://github.com': 
java_class_path (initial): C:/Program Files/Android/Android Studio1/plugins/vcs-git/lib/git4idea-rt.jar;C:/Program Files/Android/Android Studio1/lib/externalProcess-rt.jar
Launcher Type: SUN_STANDARD

[Global flags]
     intx CICompilerCount                          = 4                                         {product} {ergonomic}
     uint ConcGCThreads                            = 2                                         {product} {ergonomic}
     uint G1ConcRefinementThreads                  = 8                                         {product} {ergonomic}
   size_t G1HeapRegionSize                         = 2097152                                   {product} {ergonomic}
    uintx GCDrainStackTargetSize                   = 64                                        {product} {ergonomic}
   size_t InitialHeapSize                          = 201326592                                 {product} {ergonomic}
   size_t MarkStackSize                            = 4194304                                   {product} {ergonomic}
   size_t MaxHeapSize                              = 3198156800                                {product} {ergonomic}
   size_t MinHeapDeltaBytes                        = 2097152                                   {product} {ergonomic}
   size_t MinHeapSize                              = 8388608                                   {product} {ergonomic}
    uintx NonNMethodCodeHeapSize                   = 5839372                                {pd product} {ergonomic}
    uintx NonProfiledCodeHeapSize                  = 122909434                              {pd product} {ergonomic}
    uintx ProfiledCodeHeapSize                     = 122909434                              {pd product} {ergonomic}
    uintx ReservedCodeCacheSize                    = 251658240                              {pd product} {ergonomic}
     bool SegmentedCodeCache                       = true                                      {product} {ergonomic}
   size_t SoftMaxHeapSize                          = 3198156800                             {manageable} {ergonomic}
     bool UseCompressedClassPointers               = true                           {product lp64_product} {ergonomic}
     bool UseCompressedOops                        = true                           {product lp64_product} {ergonomic}
     bool UseG1GC                                  = true                                      {product} {ergonomic}
     bool UseLargePagesIndividualAllocation        = false                                  {pd product} {ergonomic}

Logging:
Log output configuration:
 #0: stdout all=warning uptime,level,tags
 #1: stderr all=off uptime,level,tags

Environment Variables:
PATH=C:/Users/jdmatutino/AppData/Local/Programs/Git/mingw64/libexec/git-core;C:/Users/jdmatutino/AppData/Local/Programs/Git/mingw64/libexec/git-core;C:\Users\jdmatutino\AppData\Local\Programs\Git\mingw64\bin;C:\Users\jdmatutino\AppData\Local\Programs\Git\usr\bin;Z:\bin;C:\Python312\Scripts\;C:\Python312\;C:\Program Files\Common Files\Oracle\Java\javapath;C:\WINDOWS\system32;C:\WINDOWS;C:\WINDOWS\System32\Wbem;C:\WINDOWS\System32\WindowsPowerShell\v1.0\;C:\WINDOWS\System32\OpenSSH\;C:\Program Files (x86)\Windows Live\Shared;C:\Program Files\Microsoft SQL Server\130\Tools\Binn\;C:\Program Files\dotnet\;C:\Program Files (x86)\dotnet\;C:\Program Files\Microsoft SQL Server\Client SDK\ODBC\170\Tools\Binn\;C:\Program Files (x86)\Microsoft SQL Server\150\Tools\Binn\;C:\Program Files\Microsoft SQL Server\150\Tools\Binn\;C:\Program Files\Microsoft SQL Server\150\DTS\Binn\;C:\xampp\php;C:\composer;C:\ProgramData\chocolatey\bin;C:\Program Files\nodejs\;C:\Users\jdmatutino\AppData\Local\Microsoft\WindowsApps;C:\Users\jdmatutino\AppData\Local\Programs\Microsoft VS Code\bin;C:\Users\jdmatutino\.dotnet\tools;C:\Users\jdmatutino\AppData\Roaming\npm;C:\Users\jdmatutino\AppData\Local\Programs\Git\cmd
USERNAME=jdmatutino
DISPLAY=:0.0
LC_ALL=en_US.UTF-8
TERM=xterm-256color
TMPDIR=C:\Users\JDMATU~1\AppData\Local\Temp
OS=Windows_NT
PROCESSOR_IDENTIFIER=Intel64 Family 6 Model 142 Stepping 10, GenuineIntel
TMP=C:\Users\JDMATU~1\AppData\Local\Temp
TEMP=C:\Users\JDMATU~1\AppData\Local\Temp



Periodic native trim disabled

JNI global refs:
JNI global refs: 0, weak refs: 0

JNI global refs memory usage: 0, weak refs: 0

OOME stack traces (most recent first):
Classloader memory used:


---------------  S Y S T E M  ---------------

OS:
 Windows 10 , 64 bit Build 19041 (10.0.19041.3636)
OS uptime: 2 days 2:27 hours

CPU: total 8 (initial active 8) (4 cores per cpu, 2 threads per core) family 6 model 142 stepping 10 microcode 0xea, cx8, cmov, fxsr, ht, mmx, 3dnowpref, sse, sse2, sse3, ssse3, sse4.1, sse4.2, popcnt, lzcnt, tsc, tscinvbit, avx, avx2, aes, erms, clmul, bmi1, bmi2, adx, fma, vzeroupper, clflush, clflushopt
Processor Information for all 8 processors :
  Max Mhz: 1800, Current Mhz: 1600, Mhz Limit: 1584

Memory: 4k page, system-wide physical 12197M (888M free)
TotalPageFile size 16293M (AvailPageFile size 7M)
current process WorkingSet (physical memory assigned to process): 11M, peak: 11M
current process commit charge ("private bytes"): 255M, peak: 258M

vm_info: OpenJDK 64-Bit Server VM (17.0.9+0--11185874) for windows-amd64 JRE (17.0.9+0--11185874), built on Dec  6 2023 18:57:44 by "androidbuild" with MS VC++ 16.10 / 16.11 (VS2019)

END.
